# JRE version: OpenJDK Runtime Environment (15.0.1+9) (build 15.0.1+9)
# Java VM: OpenJDK 64-Bit Server VM (15.0.1+9, mixed mode, sharing, tiered, compressed oops, g1 gc, bsd-amd64)
GC Precious Log:
 CPUs: 8 total, 8 available
 Memory: 16384M
 Large Page Support: Disabled
 NUMA Support: Disabled
 Compressed Oops: Enabled (Zero based)
 Heap Region Size: 1M
 Heap Min Capacity: 8M
 Heap Initial Capacity: 256M
 Heap Max Capacity: 1G
 Pre-touch: Disabled
 Parallel Workers: 8
 Concurrent Workers: 2
 Concurrent Refinement Workers: 8
 Periodic GC: Disabled
Heap:
 garbage-first heap   total 27648K, used 7851K [0x00000007c0000000, 0x0000000800000000)
  region size 1024K, 1 young (1024K), 0 survivors (0K)
 Metaspace       used 7267K, capacity 9376K, committed 9600K, reserved 1056768K
  class space    used 1119K, capacity 1349K, committed 1408K, reserved 1048576K
GC Heap History (20 events):
Event: 0.354 GC heap before
{Heap before GC invocations=4 (full 1):
 garbage-first heap   total 20480K, used 9601K [0x00000007c0000000, 0x0000000800000000)
  region size 1024K, 7 young (7168K), 1 survivors (1024K)
 Metaspace       used 2201K, capacity 4836K, committed 5120K, reserved 1056768K
  class space    used 198K, capacity 434K, committed 512K, reserved 1048576K
}
Event: 0.357 GC heap after
{Heap after GC invocations=5 (full 1):
 garbage-first heap   total 20480K, used 3992K [0x00000007c0000000, 0x0000000800000000)
  region size 1024K, 1 young (1024K), 1 survivors (1024K)
 Metaspace       used 2201K, capacity 4836K, committed 5120K, reserved 1056768K
  class space    used 198K, capacity 434K, committed 512K, reserved 1048576K
}
Event: 0.371 GC heap before
{Heap before GC invocations=5 (full 1):
 garbage-first heap   total 20480K, used 10136K [0x00000007c0000000, 0x0000000800000000)
  region size 1024K, 7 young (7168K), 1 survivors (1024K)
 Metaspace       used 2204K, capacity 4836K, committed 5120K, reserved 1056768K
  class space    used 198K, capacity 434K, committed 512K, reserved 1048576K
}
Event: 0.374 GC heap after
{Heap after GC invocations=6 (full 1):
 garbage-first heap   total 141312K, used 4607K [0x00000007c0000000, 0x0000000800000000)
  region size 1024K, 1 young (1024K), 1 survivors (1024K)
 Metaspace       used 2204K, capacity 4836K, committed 5120K, reserved 1056768K
  class space    used 198K, capacity 434K, committed 512K, reserved 1048576K
}
Event: 0.460 GC heap before
{Heap before GC invocations=6 (full 1):
 garbage-first heap   total 141312K, used 16895K [0x00000007c0000000, 0x0000000800000000)
  region size 1024K, 14 young (14336K), 1 survivors (1024K)
 Metaspace       used 2314K, capacity 4846K, committed 5120K, reserved 1056768K
  class space    used 206K, capacity 436K, committed 512K, reserved 1048576K
}
Event: 0.472 GC heap after
{Heap after GC invocations=7 (full 2):
 garbage-first heap   total 27648K, used 5874K [0x00000007c0000000, 0x0000000800000000)
  region size 1024K, 0 young (0K), 0 survivors (0K)
 Metaspace       used 2314K, capacity 4846K, committed 5120K, reserved 1056768K
  class space    used 206K, capacity 436K, committed 512K, reserved 1048576K
}
Event: 0.737 GC heap before
{Heap before GC invocations=7 (full 2):
 garbage-first heap   total 27648K, used 17138K [0x00000007c0000000, 0x0000000800000000)
  region size 1024K, 11 young (11264K), 0 survivors (0K)
 Metaspace       used 6595K, capacity 8962K, committed 9216K, reserved 1056768K
  class space    used 1025K, capacity 1276K, committed 1280K, reserved 1048576K
}
Event: 0.738 GC heap after
{Heap after GC invocations=8 (full 2):
 garbage-first heap   total 27648K, used 6825K [0x00000007c0000000, 0x0000000800000000)
  region size 1024K, 1 young (1024K), 1 survivors (1024K)
 Metaspace       used 6595K, capacity 8962K, committed 9216K, reserved 1056768K
  class space    used 1025K, capacity 1276K, committed 1280K, reserved 1048576K
}
Event: 0.754 GC heap before
{Heap before GC invocations=8 (full 2):
 garbage-first heap   total 27648K, used 6825K [0x00000007c0000000, 0x0000000800000000)
  region size 1024K, 2 young (2048K), 1 survivors (1024K)
 Metaspace       used 6711K, capacity 9058K, committed 9344K, reserved 1056768K
  class space    used 1057K, capacity 1308K, committed 1408K, reserved 1048576K
}
Event: 0.763 GC heap after
{Heap after GC invocations=9 (full 3):
 garbage-first heap   total 27648K, used 6642K [0x00000007c0000000, 0x0000000800000000)
  region size 1024K, 0 young (0K), 0 survivors (0K)
 Metaspace       used 6711K, capacity 9058K, committed 9344K, reserved 1056768K
  class space    used 1057K, capacity 1308K, committed 1408K, reserved 1048576K
}
Event: 1.088 GC heap before
{Heap before GC invocations=9 (full 3):
 garbage-first heap   total 27648K, used 9714K [0x00000007c0000000, 0x0000000800000000)
  region size 1024K, 5 young (5120K), 0 survivors (0K)
 Metaspace       used 7267K, capacity 9376K, committed 9600K, reserved 1056768K
  class space    used 1119K, capacity 1349K, committed 1408K, reserved 1048576K
}
Event: 1.099 GC heap after
{Heap after GC invocations=10 (full 4):
 garbage-first heap   total 27648K, used 7854K [0x00000007c0000000, 0x0000000800000000)
  region size 1024K, 0 young (0K), 0 survivors (0K)
 Metaspace       used 7267K, capacity 9376K, committed 9600K, reserved 1056768K
  class space    used 1119K, capacity 1349K, committed 1408K, reserved 1048576K
}
Event: 1.119 GC heap before
{Heap before GC invocations=10 (full 4):
 garbage-first heap   total 27648K, used 7854K [0x00000007c0000000, 0x0000000800000000)
  region size 1024K, 1 young (1024K), 0 survivors (0K)
 Metaspace       used 7267K, capacity 9376K, committed 9600K, reserved 1056768K
  class space    used 1119K, capacity 1349K, committed 1408K, reserved 1048576K
}
Event: 1.131 GC heap after
{Heap after GC invocations=11 (full 5):
 garbage-first heap   total 27648K, used 7851K [0x00000007c0000000, 0x0000000800000000)
  region size 1024K, 0 young (0K), 0 survivors (0K)
 Metaspace       used 7267K, capacity 9376K, committed 9600K, reserved 1056768K
  class space    used 1119K, capacity 1349K, committed 1408K, reserved 1048576K
}
Event: 1.147 GC heap before
{Heap before GC invocations=11 (full 5):
 garbage-first heap   total 27648K, used 7851K [0x00000007c0000000, 0x0000000800000000)
  region size 1024K, 1 young (1024K), 0 survivors (0K)
 Metaspace       used 7267K, capacity 9376K, committed 9600K, reserved 1056768K
  class space    used 1119K, capacity 1349K, committed 1408K, reserved 1048576K
}
Event: 1.158 GC heap after
{Heap after GC invocations=12 (full 6):
 garbage-first heap   total 27648K, used 7851K [0x00000007c0000000, 0x0000000800000000)
  region size 1024K, 0 young (0K), 0 survivors (0K)
 Metaspace       used 7267K, capacity 9376K, committed 9600K, reserved 1056768K
  class space    used 1119K, capacity 1349K, committed 1408K, reserved 1048576K
}
Event: 1.293 GC heap before
{Heap before GC invocations=12 (full 6):
 garbage-first heap   total 27648K, used 7851K [0x00000007c0000000, 0x0000000800000000)
  region size 1024K, 1 young (1024K), 0 survivors (0K)
 Metaspace       used 7267K, capacity 9376K, committed 9600K, reserved 1056768K
  class space    used 1119K, capacity 1349K, committed 1408K, reserved 1048576K
}
Event: 1.303 GC heap after
{Heap after GC invocations=13 (full 7):
 garbage-first heap   total 27648K, used 7851K [0x00000007c0000000, 0x0000000800000000)
  region size 1024K, 0 young (0K), 0 survivors (0K)
 Metaspace       used 7267K, capacity 9376K, committed 9600K, reserved 1056768K
  class space    used 1119K, capacity 1349K, committed 1408K, reserved 1048576K
}
Event: 1.424 GC heap before
{Heap before GC invocations=13 (full 7):
 garbage-first heap   total 27648K, used 7851K [0x00000007c0000000, 0x0000000800000000)
  region size 1024K, 1 young (1024K), 0 survivors (0K)
 Metaspace       used 7267K, capacity 9376K, committed 9600K, reserved 1056768K
  class space    used 1119K, capacity 1349K, committed 1408K, reserved 1048576K
}
Event: 1.434 GC heap after
{Heap after GC invocations=14 (full 8):
 garbage-first heap   total 27648K, used 7851K [0x00000007c0000000, 0x0000000800000000)
  region size 1024K, 0 young (0K), 0 survivors (0K)
 Metaspace       used 7267K, capacity 9376K, committed 9600K, reserved 1056768K
  class space    used 1119K, capacity 1349K, committed 1408K, reserved 1048576K
}

