# JRE version: OpenJDK Runtime Environment (15.0.1+9) (build 15.0.1+9)
# Java VM: OpenJDK 64-Bit Server VM (15.0.1+9, mixed mode, sharing, tiered, compressed oops, g1 gc, bsd-amd64)
GC Precious Log:
 CPUs: 8 total, 8 available
 Memory: 16384M
 Large Page Support: Disabled
 NUMA Support: Disabled
 Compressed Oops: Enabled (Zero based)
 Heap Region Size: 1M
 Heap Min Capacity: 8M
 Heap Initial Capacity: 256M
 Heap Max Capacity: 1G
 Pre-touch: Disabled
 Parallel Workers: 8
 Concurrent Workers: 2
 Concurrent Refinement Workers: 8
 Periodic GC: Disabled
Heap:
 garbage-first heap   total 273408K, used 79122K [0x00000007c0000000, 0x0000000800000000)
  region size 1024K, 1 young (1024K), 0 survivors (0K)
 Metaspace       used 10447K, capacity 12143K, committed 12288K, reserved 1060864K
  class space    used 1541K, capacity 1758K, committed 1792K, reserved 1048576K
GC Heap History (20 events):
Event: 1.570 GC heap before
{Heap before GC invocations=19 (full 4):
 garbage-first heap   total 137216K, used 94682K [0x00000007c0000000, 0x0000000800000000)
  region size 1024K, 64 young (65536K), 4 survivors (4096K)
 Metaspace       used 8266K, capacity 10183K, committed 10496K, reserved 1058816K
  class space    used 1240K, capacity 1448K, committed 1536K, reserved 1048576K
}
Event: 1.582 GC heap after
{Heap after GC invocations=20 (full 4):
 garbage-first heap   total 137216K, used 38716K [0x00000007c0000000, 0x0000000800000000)
  region size 1024K, 8 young (8192K), 8 survivors (8192K)
 Metaspace       used 8266K, capacity 10183K, committed 10496K, reserved 1058816K
  class space    used 1240K, capacity 1448K, committed 1536K, reserved 1048576K
}
Event: 1.656 GC heap before
{Heap before GC invocations=20 (full 4):
 garbage-first heap   total 137216K, used 99132K [0x00000007c0000000, 0x0000000800000000)
  region size 1024K, 67 young (68608K), 8 survivors (8192K)
 Metaspace       used 8267K, capacity 10183K, committed 10496K, reserved 1058816K
  class space    used 1240K, capacity 1448K, committed 1536K, reserved 1048576K
}
Event: 1.669 GC heap after
{Heap after GC invocations=21 (full 4):
 garbage-first heap   total 137216K, used 44597K [0x00000007c0000000, 0x0000000800000000)
  region size 1024K, 9 young (9216K), 9 survivors (9216K)
 Metaspace       used 8267K, capacity 10183K, committed 10496K, reserved 1058816K
  class space    used 1240K, capacity 1448K, committed 1536K, reserved 1048576K
}
Event: 1.924 GC heap before
{Heap before GC invocations=21 (full 4):
 garbage-first heap   total 137216K, used 114229K [0x00000007c0000000, 0x0000000800000000)
  region size 1024K, 64 young (65536K), 9 survivors (9216K)
 Metaspace       used 9113K, capacity 10886K, committed 11136K, reserved 1058816K
  class space    used 1382K, capacity 1597K, committed 1664K, reserved 1048576K
}
Event: 1.943 GC heap after
{Heap after GC invocations=22 (full 4):
 garbage-first heap   total 137216K, used 62949K [0x00000007c0000000, 0x0000000800000000)
  region size 1024K, 8 young (8192K), 8 survivors (8192K)
 Metaspace       used 9113K, capacity 10886K, committed 11136K, reserved 1058816K
  class space    used 1382K, capacity 1597K, committed 1664K, reserved 1048576K
}
Event: 2.189 GC heap before
{Heap before GC invocations=22 (full 4):
 garbage-first heap   total 137216K, used 102885K [0x00000007c0000000, 0x0000000800000000)
  region size 1024K, 47 young (48128K), 8 survivors (8192K)
 Metaspace       used 9985K, capacity 11752K, committed 12032K, reserved 1058816K
  class space    used 1469K, capacity 1693K, committed 1792K, reserved 1048576K
}
Event: 2.199 GC heap after
{Heap after GC invocations=23 (full 4):
 garbage-first heap   total 284672K, used 65507K [0x00000007c0000000, 0x0000000800000000)
  region size 1024K, 2 young (2048K), 2 survivors (2048K)
 Metaspace       used 9985K, capacity 11752K, committed 12032K, reserved 1058816K
  class space    used 1469K, capacity 1693K, committed 1792K, reserved 1048576K
}
Event: 2.585 GC heap before
{Heap before GC invocations=23 (full 4):
 garbage-first heap   total 284672K, used 203747K [0x00000007c0000000, 0x0000000800000000)
  region size 1024K, 137 young (140288K), 2 survivors (2048K)
 Metaspace       used 10076K, capacity 11817K, committed 12032K, reserved 1058816K
  class space    used 1475K, capacity 1693K, committed 1792K, reserved 1048576K
}
Event: 2.598 GC heap after
{Heap after GC invocations=24 (full 4):
 garbage-first heap   total 284672K, used 74821K [0x00000007c0000000, 0x0000000800000000)
  region size 1024K, 12 young (12288K), 12 survivors (12288K)
 Metaspace       used 10076K, capacity 11817K, committed 12032K, reserved 1058816K
  class space    used 1475K, capacity 1693K, committed 1792K, reserved 1048576K
}
Event: 2.770 GC heap before
{Heap before GC invocations=24 (full 4):
 garbage-first heap   total 284672K, used 220229K [0x00000007c0000000, 0x0000000800000000)
  region size 1024K, 154 young (157696K), 12 survivors (12288K)
 Metaspace       used 10163K, capacity 11913K, committed 12032K, reserved 1058816K
  class space    used 1508K, capacity 1725K, committed 1792K, reserved 1048576K
}
Event: 2.783 GC heap after
{Heap after GC invocations=25 (full 4):
 garbage-first heap   total 284672K, used 85671K [0x00000007c0000000, 0x0000000800000000)
  region size 1024K, 20 young (20480K), 20 survivors (20480K)
 Metaspace       used 10163K, capacity 11913K, committed 12032K, reserved 1058816K
  class space    used 1508K, capacity 1725K, committed 1792K, reserved 1048576K
}
Event: 2.906 GC heap before
{Heap before GC invocations=25 (full 4):
 garbage-first heap   total 284672K, used 218791K [0x00000007c0000000, 0x0000000800000000)
  region size 1024K, 150 young (153600K), 20 survivors (20480K)
 Metaspace       used 10164K, capacity 11913K, committed 12032K, reserved 1058816K
  class space    used 1508K, capacity 1725K, committed 1792K, reserved 1048576K
}
Event: 2.924 GC heap after
{Heap after GC invocations=26 (full 4):
 garbage-first heap   total 284672K, used 101616K [0x00000007c0000000, 0x0000000800000000)
  region size 1024K, 16 young (16384K), 16 survivors (16384K)
 Metaspace       used 10164K, capacity 11913K, committed 12032K, reserved 1058816K
  class space    used 1508K, capacity 1725K, committed 1792K, reserved 1048576K
}
Event: 2.989 GC heap before
{Heap before GC invocations=26 (full 4):
 garbage-first heap   total 284672K, used 150768K [0x00000007c0000000, 0x0000000800000000)
  region size 1024K, 65 young (66560K), 16 survivors (16384K)
 Metaspace       used 10446K, capacity 12143K, committed 12288K, reserved 1060864K
  class space    used 1541K, capacity 1758K, committed 1792K, reserved 1048576K
}
Event: 3.052 GC heap after
{Heap after GC invocations=27 (full 5):
 garbage-first heap   total 283648K, used 79218K [0x00000007c0000000, 0x0000000800000000)
  region size 1024K, 0 young (0K), 0 survivors (0K)
 Metaspace       used 10446K, capacity 12143K, committed 12288K, reserved 1060864K
  class space    used 1541K, capacity 1758K, committed 1792K, reserved 1048576K
}
Event: 3.476 GC heap before
{Heap before GC invocations=27 (full 5):
 garbage-first heap   total 283648K, used 79218K [0x00000007c0000000, 0x0000000800000000)
  region size 1024K, 1 young (1024K), 0 survivors (0K)
 Metaspace       used 10447K, capacity 12143K, committed 12288K, reserved 1060864K
  class space    used 1541K, capacity 1758K, committed 1792K, reserved 1048576K
}
Event: 3.528 GC heap after
{Heap after GC invocations=28 (full 6):
 garbage-first heap   total 273408K, used 79122K [0x00000007c0000000, 0x0000000800000000)
  region size 1024K, 0 young (0K), 0 survivors (0K)
 Metaspace       used 10447K, capacity 12143K, committed 12288K, reserved 1060864K
  class space    used 1541K, capacity 1758K, committed 1792K, reserved 1048576K
}
Event: 3.689 GC heap before
{Heap before GC invocations=28 (full 6):
 garbage-first heap   total 273408K, used 79122K [0x00000007c0000000, 0x0000000800000000)
  region size 1024K, 1 young (1024K), 0 survivors (0K)
 Metaspace       used 10447K, capacity 12143K, committed 12288K, reserved 1060864K
  class space    used 1541K, capacity 1758K, committed 1792K, reserved 1048576K
}
Event: 3.746 GC heap after
{Heap after GC invocations=29 (full 7):
 garbage-first heap   total 273408K, used 79122K [0x00000007c0000000, 0x0000000800000000)
  region size 1024K, 0 young (0K), 0 survivors (0K)
 Metaspace       used 10447K, capacity 12143K, committed 12288K, reserved 1060864K
  class space    used 1541K, capacity 1758K, committed 1792K, reserved 1048576K
}

