# JRE version: OpenJDK Runtime Environment (15.0.1+9) (build 15.0.1+9)
# Java VM: OpenJDK 64-Bit Server VM (15.0.1+9, mixed mode, sharing, tiered, compressed oops, g1 gc, bsd-amd64)
GC Precious Log:
 CPUs: 8 total, 8 available
 Memory: 16384M
 Large Page Support: Disabled
 NUMA Support: Disabled
 Compressed Oops: Enabled (Zero based)
 Heap Region Size: 1M
 Heap Min Capacity: 8M
 Heap Initial Capacity: 256M
 Heap Max Capacity: 1G
 Pre-touch: Disabled
 Parallel Workers: 8
 Concurrent Workers: 2
 Concurrent Refinement Workers: 8
 Periodic GC: Disabled
Heap:
 garbage-first heap   total 256000K, used 79095K [0x00000007c0000000, 0x0000000800000000)
  region size 1024K, 1 young (1024K), 0 survivors (0K)
 Metaspace       used 10417K, capacity 12143K, committed 12288K, reserved 1060864K
  class space    used 1541K, capacity 1758K, committed 1792K, reserved 1048576K
GC Heap History (20 events):
Event: 3.182 GC heap before
{Heap before GC invocations=31 (full 12):
 garbage-first heap   total 160768K, used 119389K [0x00000007c0000000, 0x0000000800000000)
  region size 1024K, 70 young (71680K), 0 survivors (0K)
 Metaspace       used 10047K, capacity 11753K, committed 12032K, reserved 1058816K
  class space    used 1475K, capacity 1693K, committed 1792K, reserved 1048576K
}
Event: 3.193 GC heap after
{Heap after GC invocations=32 (full 12):
 garbage-first heap   total 160768K, used 56827K [0x00000007c0000000, 0x0000000800000000)
  region size 1024K, 9 young (9216K), 9 survivors (9216K)
 Metaspace       used 10047K, capacity 11753K, committed 12032K, reserved 1058816K
  class space    used 1475K, capacity 1693K, committed 1792K, reserved 1048576K
}
Event: 3.275 GC heap before
{Heap before GC invocations=32 (full 12):
 garbage-first heap   total 160768K, used 119291K [0x00000007c0000000, 0x0000000800000000)
  region size 1024K, 70 young (71680K), 9 survivors (9216K)
 Metaspace       used 10126K, capacity 11849K, committed 12032K, reserved 1058816K
  class space    used 1508K, capacity 1725K, committed 1792K, reserved 1048576K
}
Event: 3.290 GC heap after
{Heap after GC invocations=33 (full 12):
 garbage-first heap   total 160768K, used 64723K [0x00000007c0000000, 0x0000000800000000)
  region size 1024K, 9 young (9216K), 9 survivors (9216K)
 Metaspace       used 10126K, capacity 11849K, committed 12032K, reserved 1058816K
  class space    used 1508K, capacity 1725K, committed 1792K, reserved 1048576K
}
Event: 3.353 GC heap before
{Heap before GC invocations=33 (full 12):
 garbage-first heap   total 160768K, used 120019K [0x00000007c0000000, 0x0000000800000000)
  region size 1024K, 63 young (64512K), 9 survivors (9216K)
 Metaspace       used 10132K, capacity 11849K, committed 12032K, reserved 1058816K
  class space    used 1508K, capacity 1725K, committed 1792K, reserved 1048576K
}
Event: 3.365 GC heap after
{Heap after GC invocations=34 (full 12):
 garbage-first heap   total 160768K, used 70730K [0x00000007c0000000, 0x0000000800000000)
  region size 1024K, 8 young (8192K), 8 survivors (8192K)
 Metaspace       used 10132K, capacity 11849K, committed 12032K, reserved 1058816K
  class space    used 1508K, capacity 1725K, committed 1792K, reserved 1048576K
}
Event: 3.407 GC heap before
{Heap before GC invocations=34 (full 12):
 garbage-first heap   total 160768K, used 121930K [0x00000007c0000000, 0x0000000800000000)
  region size 1024K, 58 young (59392K), 8 survivors (8192K)
 Metaspace       used 10133K, capacity 11849K, committed 12032K, reserved 1058816K
  class space    used 1508K, capacity 1725K, committed 1792K, reserved 1048576K
}
Event: 3.418 GC heap after
{Heap after GC invocations=35 (full 12):
 garbage-first heap   total 283648K, used 76256K [0x00000007c0000000, 0x0000000800000000)
  region size 1024K, 7 young (7168K), 7 survivors (7168K)
 Metaspace       used 10133K, capacity 11849K, committed 12032K, reserved 1058816K
  class space    used 1508K, capacity 1725K, committed 1792K, reserved 1048576K
}
Event: 3.435 GC heap before
{Heap before GC invocations=35 (full 12):
 garbage-first heap   total 283648K, used 86496K [0x00000007c0000000, 0x0000000800000000)
  region size 1024K, 18 young (18432K), 7 survivors (7168K)
 Metaspace       used 10133K, capacity 11849K, committed 12032K, reserved 1058816K
  class space    used 1508K, capacity 1725K, committed 1792K, reserved 1048576K
}
Event: 3.484 GC heap after
{Heap after GC invocations=36 (full 13):
 garbage-first heap   total 256000K, used 72077K [0x00000007c0000000, 0x0000000800000000)
  region size 1024K, 0 young (0K), 0 survivors (0K)
 Metaspace       used 10133K, capacity 11849K, committed 12032K, reserved 1058816K
  class space    used 1508K, capacity 1725K, committed 1792K, reserved 1048576K
}
Event: 3.692 GC heap before
{Heap before GC invocations=36 (full 13):
 garbage-first heap   total 256000K, used 188813K [0x00000007c0000000, 0x0000000800000000)
  region size 1024K, 114 young (116736K), 0 survivors (0K)
 Metaspace       used 10134K, capacity 11849K, committed 12032K, reserved 1058816K
  class space    used 1508K, capacity 1725K, committed 1792K, reserved 1048576K
}
Event: 3.702 GC heap after
{Heap after GC invocations=37 (full 13):
 garbage-first heap   total 256000K, used 85193K [0x00000007c0000000, 0x0000000800000000)
  region size 1024K, 13 young (13312K), 13 survivors (13312K)
 Metaspace       used 10134K, capacity 11849K, committed 12032K, reserved 1058816K
  class space    used 1508K, capacity 1725K, committed 1792K, reserved 1048576K
}
Event: 3.721 GC heap before
{Heap before GC invocations=37 (full 13):
 garbage-first heap   total 256000K, used 90313K [0x00000007c0000000, 0x0000000800000000)
  region size 1024K, 19 young (19456K), 13 survivors (13312K)
 Metaspace       used 10285K, capacity 12041K, committed 12288K, reserved 1060864K
  class space    used 1511K, capacity 1725K, committed 1792K, reserved 1048576K
}
Event: 3.781 GC heap after
{Heap after GC invocations=38 (full 14):
 garbage-first heap   total 256000K, used 79266K [0x00000007c0000000, 0x0000000800000000)
  region size 1024K, 0 young (0K), 0 survivors (0K)
 Metaspace       used 10285K, capacity 12041K, committed 12288K, reserved 1060864K
  class space    used 1511K, capacity 1725K, committed 1792K, reserved 1048576K
}
Event: 4.397 GC heap before
{Heap before GC invocations=38 (full 14):
 garbage-first heap   total 256000K, used 80290K [0x00000007c0000000, 0x0000000800000000)
  region size 1024K, 2 young (2048K), 0 survivors (0K)
 Metaspace       used 10417K, capacity 12143K, committed 12288K, reserved 1060864K
  class space    used 1541K, capacity 1758K, committed 1792K, reserved 1048576K
}
Event: 4.465 GC heap after
{Heap after GC invocations=39 (full 15):
 garbage-first heap   total 256000K, used 79095K [0x00000007c0000000, 0x0000000800000000)
  region size 1024K, 0 young (0K), 0 survivors (0K)
 Metaspace       used 10417K, capacity 12143K, committed 12288K, reserved 1060864K
  class space    used 1541K, capacity 1758K, committed 1792K, reserved 1048576K
}
Event: 4.575 GC heap before
{Heap before GC invocations=39 (full 15):
 garbage-first heap   total 256000K, used 79095K [0x00000007c0000000, 0x0000000800000000)
  region size 1024K, 1 young (1024K), 0 survivors (0K)
 Metaspace       used 10417K, capacity 12143K, committed 12288K, reserved 1060864K
  class space    used 1541K, capacity 1758K, committed 1792K, reserved 1048576K
}
Event: 4.623 GC heap after
{Heap after GC invocations=40 (full 16):
 garbage-first heap   total 256000K, used 79095K [0x00000007c0000000, 0x0000000800000000)
  region size 1024K, 0 young (0K), 0 survivors (0K)
 Metaspace       used 10417K, capacity 12143K, committed 12288K, reserved 1060864K
  class space    used 1541K, capacity 1758K, committed 1792K, reserved 1048576K
}
Event: 4.713 GC heap before
{Heap before GC invocations=40 (full 16):
 garbage-first heap   total 256000K, used 79095K [0x00000007c0000000, 0x0000000800000000)
  region size 1024K, 1 young (1024K), 0 survivors (0K)
 Metaspace       used 10417K, capacity 12143K, committed 12288K, reserved 1060864K
  class space    used 1541K, capacity 1758K, committed 1792K, reserved 1048576K
}
Event: 4.765 GC heap after
{Heap after GC invocations=41 (full 17):
 garbage-first heap   total 256000K, used 79095K [0x00000007c0000000, 0x0000000800000000)
  region size 1024K, 0 young (0K), 0 survivors (0K)
 Metaspace       used 10417K, capacity 12143K, committed 12288K, reserved 1060864K
  class space    used 1541K, capacity 1758K, committed 1792K, reserved 1048576K
}

