# JRE version: OpenJDK Runtime Environment (15.0.1+9) (build 15.0.1+9)
# Java VM: OpenJDK 64-Bit Server VM (15.0.1+9, mixed mode, sharing, tiered, compressed oops, g1 gc, bsd-amd64)
GC Precious Log:
 CPUs: 8 total, 8 available
 Memory: 16384M
 Large Page Support: Disabled
 NUMA Support: Disabled
 Compressed Oops: Enabled (Zero based)
 Heap Region Size: 1M
 Heap Min Capacity: 8M
 Heap Initial Capacity: 256M
 Heap Max Capacity: 1G
 Pre-touch: Disabled
 Parallel Workers: 8
 Concurrent Workers: 2
 Concurrent Refinement Workers: 8
 Periodic GC: Disabled
Heap:
 garbage-first heap   total 276480K, used 79115K [0x00000007c0000000, 0x0000000800000000)
  region size 1024K, 1 young (1024K), 0 survivors (0K)
 Metaspace       used 10334K, capacity 12047K, committed 12288K, reserved 1060864K
  class space    used 1524K, capacity 1726K, committed 1792K, reserved 1048576K
GC Heap History (20 events):
Event: 1.298 GC heap before
{Heap before GC invocations=13 (full 3):
 garbage-first heap   total 150528K, used 25100K [0x00000007c0000000, 0x0000000800000000)
  region size 1024K, 7 young (7168K), 1 survivors (1024K)
 Metaspace       used 7782K, capacity 9729K, committed 9856K, reserved 1058816K
  class space    used 1146K, capacity 1382K, committed 1408K, reserved 1048576K
}
Event: 1.303 GC heap after
{Heap after GC invocations=14 (full 3):
 garbage-first heap   total 150528K, used 20367K [0x00000007c0000000, 0x0000000800000000)
  region size 1024K, 1 young (1024K), 1 survivors (1024K)
 Metaspace       used 7782K, capacity 9729K, committed 9856K, reserved 1058816K
  class space    used 1146K, capacity 1382K, committed 1408K, reserved 1048576K
}
Event: 1.569 GC heap before
{Heap before GC invocations=14 (full 3):
 garbage-first heap   total 150528K, used 81807K [0x00000007c0000000, 0x0000000800000000)
  region size 1024K, 61 young (62464K), 1 survivors (1024K)
 Metaspace       used 8141K, capacity 10087K, committed 10240K, reserved 1058816K
  class space    used 1199K, capacity 1416K, committed 1536K, reserved 1048576K
}
Event: 1.583 GC heap after
{Heap after GC invocations=15 (full 3):
 garbage-first heap   total 150528K, used 25982K [0x00000007c0000000, 0x0000000800000000)
  region size 1024K, 7 young (7168K), 7 survivors (7168K)
 Metaspace       used 8141K, capacity 10087K, committed 10240K, reserved 1058816K
  class space    used 1199K, capacity 1416K, committed 1536K, reserved 1048576K
}
Event: 1.769 GC heap before
{Heap before GC invocations=15 (full 3):
 garbage-first heap   total 150528K, used 103806K [0x00000007c0000000, 0x0000000800000000)
  region size 1024K, 81 young (82944K), 7 survivors (7168K)
 Metaspace       used 8282K, capacity 10183K, committed 10496K, reserved 1058816K
  class space    used 1240K, capacity 1448K, committed 1536K, reserved 1048576K
}
Event: 1.781 GC heap after
{Heap after GC invocations=16 (full 3):
 garbage-first heap   total 150528K, used 28790K [0x00000007c0000000, 0x0000000800000000)
  region size 1024K, 7 young (7168K), 7 survivors (7168K)
 Metaspace       used 8282K, capacity 10183K, committed 10496K, reserved 1058816K
  class space    used 1240K, capacity 1448K, committed 1536K, reserved 1048576K
}
Event: 1.868 GC heap before
{Heap before GC invocations=16 (full 3):
 garbage-first heap   total 150528K, used 108662K [0x00000007c0000000, 0x0000000800000000)
  region size 1024K, 85 young (87040K), 7 survivors (7168K)
 Metaspace       used 8283K, capacity 10183K, committed 10496K, reserved 1058816K
  class space    used 1240K, capacity 1448K, committed 1536K, reserved 1048576K
}
Event: 1.885 GC heap after
{Heap after GC invocations=17 (full 3):
 garbage-first heap   total 292864K, used 36027K [0x00000007c0000000, 0x0000000800000000)
  region size 1024K, 8 young (8192K), 8 survivors (8192K)
 Metaspace       used 8283K, capacity 10183K, committed 10496K, reserved 1058816K
  class space    used 1240K, capacity 1448K, committed 1536K, reserved 1048576K
}
Event: 2.643 GC heap before
{Heap before GC invocations=17 (full 3):
 garbage-first heap   total 292864K, used 215227K [0x00000007c0000000, 0x0000000800000000)
  region size 1024K, 171 young (175104K), 8 survivors (8192K)
 Metaspace       used 9960K, capacity 11689K, committed 12032K, reserved 1058816K
  class space    used 1459K, capacity 1693K, committed 1792K, reserved 1048576K
}
Event: 2.669 GC heap after
{Heap after GC invocations=18 (full 3):
 garbage-first heap   total 292864K, used 69028K [0x00000007c0000000, 0x0000000800000000)
  region size 1024K, 22 young (22528K), 22 survivors (22528K)
 Metaspace       used 9960K, capacity 11689K, committed 12032K, reserved 1058816K
  class space    used 1459K, capacity 1693K, committed 1792K, reserved 1048576K
}
Event: 2.835 GC heap before
{Heap before GC invocations=18 (full 3):
 garbage-first heap   total 292864K, used 203172K [0x00000007c0000000, 0x0000000800000000)
  region size 1024K, 153 young (156672K), 22 survivors (22528K)
 Metaspace       used 10054K, capacity 11785K, committed 12032K, reserved 1058816K
  class space    used 1498K, capacity 1725K, committed 1792K, reserved 1048576K
}
Event: 2.859 GC heap after
{Heap after GC invocations=19 (full 3):
 garbage-first heap   total 292864K, used 82546K [0x00000007c0000000, 0x0000000800000000)
  region size 1024K, 15 young (15360K), 15 survivors (15360K)
 Metaspace       used 10054K, capacity 11785K, committed 12032K, reserved 1058816K
  class space    used 1498K, capacity 1725K, committed 1792K, reserved 1048576K
}
Event: 3.024 GC heap before
{Heap before GC invocations=19 (full 3):
 garbage-first heap   total 292864K, used 213618K [0x00000007c0000000, 0x0000000800000000)
  region size 1024K, 143 young (146432K), 15 survivors (15360K)
 Metaspace       used 10056K, capacity 11785K, committed 12032K, reserved 1058816K
  class space    used 1498K, capacity 1725K, committed 1792K, reserved 1048576K
}
Event: 3.048 GC heap after
{Heap after GC invocations=20 (full 3):
 garbage-first heap   total 292864K, used 98250K [0x00000007c0000000, 0x0000000800000000)
  region size 1024K, 16 young (16384K), 16 survivors (16384K)
 Metaspace       used 10056K, capacity 11785K, committed 12032K, reserved 1058816K
  class space    used 1498K, capacity 1725K, committed 1792K, reserved 1048576K
}
Event: 3.113 GC heap before
{Heap before GC invocations=20 (full 3):
 garbage-first heap   total 292864K, used 127946K [0x00000007c0000000, 0x0000000800000000)
  region size 1024K, 46 young (47104K), 16 survivors (16384K)
 Metaspace       used 10333K, capacity 12047K, committed 12288K, reserved 1060864K
  class space    used 1524K, capacity 1726K, committed 1792K, reserved 1048576K
}
Event: 3.177 GC heap after
{Heap after GC invocations=21 (full 4):
 garbage-first heap   total 280576K, used 79288K [0x00000007c0000000, 0x0000000800000000)
  region size 1024K, 0 young (0K), 0 survivors (0K)
 Metaspace       used 10333K, capacity 12047K, committed 12288K, reserved 1060864K
  class space    used 1524K, capacity 1726K, committed 1792K, reserved 1048576K
}
Event: 3.906 GC heap before
{Heap before GC invocations=21 (full 4):
 garbage-first heap   total 280576K, used 79288K [0x00000007c0000000, 0x0000000800000000)
  region size 1024K, 1 young (1024K), 0 survivors (0K)
 Metaspace       used 10334K, capacity 12047K, committed 12288K, reserved 1060864K
  class space    used 1524K, capacity 1726K, committed 1792K, reserved 1048576K
}
Event: 3.966 GC heap after
{Heap after GC invocations=22 (full 5):
 garbage-first heap   total 276480K, used 79115K [0x00000007c0000000, 0x0000000800000000)
  region size 1024K, 0 young (0K), 0 survivors (0K)
 Metaspace       used 10334K, capacity 12047K, committed 12288K, reserved 1060864K
  class space    used 1524K, capacity 1726K, committed 1792K, reserved 1048576K
}
Event: 4.156 GC heap before
{Heap before GC invocations=22 (full 5):
 garbage-first heap   total 276480K, used 79115K [0x00000007c0000000, 0x0000000800000000)
  region size 1024K, 1 young (1024K), 0 survivors (0K)
 Metaspace       used 10334K, capacity 12047K, committed 12288K, reserved 1060864K
  class space    used 1524K, capacity 1726K, committed 1792K, reserved 1048576K
}
Event: 4.212 GC heap after
{Heap after GC invocations=23 (full 6):
 garbage-first heap   total 276480K, used 79115K [0x00000007c0000000, 0x0000000800000000)
  region size 1024K, 0 young (0K), 0 survivors (0K)
 Metaspace       used 10334K, capacity 12047K, committed 12288K, reserved 1060864K
  class space    used 1524K, capacity 1726K, committed 1792K, reserved 1048576K
}

